{"/Users/sujithshanmugam/Documents/Projects/zeller-challenge/src/constants.ts": {"path":"/Users/sujithshanmugam/Documents/Projects/zeller-challenge/src/constants.ts","statementMap":{"0":{"start":{"line":18,"column":0},"end":{"line":18,"column":null}},"1":{"start":{"line":19,"column":2},"end":{"line":19,"column":null}},"2":{"start":{"line":20,"column":2},"end":{"line":20,"column":null}},"3":{"start":{"line":21,"column":2},"end":{"line":21,"column":null}}},"fnMap":{"0":{"name":"(anonymous_0)","decl":{"start":{"line":18,"column":0},"end":{"line":18,"column":12}},"loc":{"start":{"line":18,"column":31},"end":{"line":22,"column":1}}}},"branchMap":{"0":{"loc":{"start":{"line":18,"column":12},"end":{"line":18,"column":null}},"type":"binary-expr","locations":[{"start":{"line":18,"column":12},"end":{"line":18,"column":31}},{"start":{"line":18,"column":12},"end":{"line":18,"column":null}}]}},"s":{"0":3,"1":3,"2":3,"3":3},"f":{"0":3},"b":{"0":[3,3]}}
,"/Users/sujithshanmugam/Documents/Projects/zeller-challenge/src/Checkout/Checkout.ts": {"path":"/Users/sujithshanmugam/Documents/Projects/zeller-challenge/src/Checkout/Checkout.ts","statementMap":{"0":{"start":{"line":17,"column":4},"end":{"line":17,"column":37}},"1":{"start":{"line":18,"column":4},"end":{"line":18,"column":26}},"2":{"start":{"line":26,"column":17},"end":{"line":26,"column":68}},"3":{"start":{"line":27,"column":4},"end":{"line":27,"column":17}},"4":{"start":{"line":28,"column":4},"end":{"line":28,"column":37}},"5":{"start":{"line":36,"column":17},"end":{"line":36,"column":43}},"6":{"start":{"line":37,"column":4},"end":{"line":42,"column":null}},"7":{"start":{"line":38,"column":6},"end":{"line":38,"column":19}},"8":{"start":{"line":39,"column":6},"end":{"line":41,"column":null}},"9":{"start":{"line":40,"column":8},"end":{"line":40,"column":38}},"10":{"start":{"line":50,"column":4},"end":{"line":50,"column":34}},"11":{"start":{"line":57,"column":4},"end":{"line":57,"column":22}},"12":{"start":{"line":65,"column":16},"end":{"line":65,"column":17}},"13":{"start":{"line":66,"column":4},"end":{"line":68,"column":null}},"14":{"start":{"line":67,"column":6},"end":{"line":67,"column":69}},"15":{"start":{"line":69,"column":4},"end":{"line":69,"column":17}},"16":{"start":{"line":73,"column":0},"end":{"line":73,"column":24}}},"fnMap":{"0":{"name":"(anonymous_0)","decl":{"start":{"line":16,"column":2},"end":{"line":16,"column":14}},"loc":{"start":{"line":16,"column":40},"end":{"line":19,"column":3}}},"1":{"name":"(anonymous_1)","decl":{"start":{"line":25,"column":2},"end":{"line":25,"column":6}},"loc":{"start":{"line":25,"column":23},"end":{"line":29,"column":3}}},"2":{"name":"(anonymous_2)","decl":{"start":{"line":35,"column":2},"end":{"line":35,"column":8}},"loc":{"start":{"line":35,"column":25},"end":{"line":43,"column":3}}},"3":{"name":"(anonymous_3)","decl":{"start":{"line":49,"column":2},"end":{"line":49,"column":11}},"loc":{"start":{"line":49,"column":28},"end":{"line":51,"column":3}}},"4":{"name":"(anonymous_4)","decl":{"start":{"line":56,"column":2},"end":{"line":56,"column":11}},"loc":{"start":{"line":56,"column":11},"end":{"line":58,"column":3}}},"5":{"name":"(anonymous_5)","decl":{"start":{"line":64,"column":2},"end":{"line":64,"column":7}},"loc":{"start":{"line":64,"column":7},"end":{"line":70,"column":3}}}},"branchMap":{"0":{"loc":{"start":{"line":26,"column":17},"end":{"line":26,"column":68}},"type":"cond-expr","locations":[{"start":{"line":26,"column":43},"end":{"line":26,"column":47}},{"start":{"line":26,"column":47},"end":{"line":26,"column":68}}]},"1":{"loc":{"start":{"line":26,"column":17},"end":{"line":26,"column":47}},"type":"binary-expr","locations":[{"start":{"line":26,"column":17},"end":{"line":26,"column":47}},{"start":{"line":26,"column":43},"end":{"line":26,"column":47}}]},"2":{"loc":{"start":{"line":37,"column":4},"end":{"line":42,"column":null}},"type":"if","locations":[{"start":{"line":37,"column":4},"end":{"line":42,"column":null}}]},"3":{"loc":{"start":{"line":39,"column":6},"end":{"line":41,"column":null}},"type":"if","locations":[{"start":{"line":39,"column":6},"end":{"line":41,"column":null}}]}},"s":{"0":13,"1":13,"2":19,"3":19,"4":19,"5":3,"6":3,"7":2,"8":2,"9":1,"10":3,"11":1,"12":6,"13":6,"14":7,"15":6,"16":1},"f":{"0":13,"1":19,"2":3,"3":3,"4":1,"5":6},"b":{"0":[6,13],"1":[19,19],"2":[2],"3":[1]}}
,"/Users/sujithshanmugam/Documents/Projects/zeller-challenge/src/PricingRules/PricingRules.ts": {"path":"/Users/sujithshanmugam/Documents/Projects/zeller-challenge/src/PricingRules/PricingRules.ts","statementMap":{"0":{"start":{"line":3,"column":0},"end":{"line":3,"column":51}},"1":{"start":{"line":16,"column":4},"end":{"line":16,"column":23}},"2":{"start":{"line":26,"column":24},"end":{"line":26,"column":75}},"3":{"start":{"line":26,"column":50},"end":{"line":26,"column":74}},"4":{"start":{"line":28,"column":4},"end":{"line":30,"column":null}},"5":{"start":{"line":29,"column":6},"end":{"line":29,"column":35}},"6":{"start":{"line":32,"column":4},"end":{"line":49,"column":null}},"7":{"start":{"line":34,"column":8},"end":{"line":39,"column":10}},"8":{"start":{"line":41,"column":8},"end":{"line":46,"column":10}},"9":{"start":{"line":48,"column":8},"end":{"line":48,"column":73}},"10":{"start":{"line":8,"column":0},"end":{"line":8,"column":13}},"11":{"start":{"line":67,"column":18},"end":{"line":67,"column":39}},"12":{"start":{"line":68,"column":20},"end":{"line":68,"column":29}},"13":{"start":{"line":69,"column":21},"end":{"line":69,"column":60}},"14":{"start":{"line":70,"column":2},"end":{"line":70,"column":20}},"15":{"start":{"line":87,"column":2},"end":{"line":87,"column":70}},"16":{"start":{"line":98,"column":19},"end":{"line":98,"column":45}},"17":{"start":{"line":99,"column":2},"end":{"line":99,"column":36}},"18":{"start":{"line":102,"column":0},"end":{"line":102,"column":28}}},"fnMap":{"0":{"name":"(anonymous_0)","decl":{"start":{"line":15,"column":2},"end":{"line":15,"column":14}},"loc":{"start":{"line":15,"column":38},"end":{"line":17,"column":3}}},"1":{"name":"(anonymous_1)","decl":{"start":{"line":25,"column":2},"end":{"line":25,"column":11}},"loc":{"start":{"line":25,"column":43},"end":{"line":50,"column":3}}},"2":{"name":"(anonymous_2)","decl":{"start":{"line":26,"column":40},"end":{"line":26,"column":41}},"loc":{"start":{"line":26,"column":50},"end":{"line":26,"column":74}}},"3":{"name":"buyXGetYFree","decl":{"start":{"line":61,"column":9},"end":{"line":61,"column":21}},"loc":{"start":{"line":65,"column":15},"end":{"line":71,"column":1}}},"4":{"name":"bulk","decl":{"start":{"line":81,"column":9},"end":{"line":81,"column":13}},"loc":{"start":{"line":85,"column":15},"end":{"line":88,"column":1}}},"5":{"name":"percentage","decl":{"start":{"line":97,"column":9},"end":{"line":97,"column":19}},"loc":{"start":{"line":97,"column":68},"end":{"line":100,"column":1}}}},"branchMap":{"0":{"loc":{"start":{"line":28,"column":4},"end":{"line":30,"column":null}},"type":"if","locations":[{"start":{"line":28,"column":4},"end":{"line":30,"column":null}}]},"1":{"loc":{"start":{"line":32,"column":4},"end":{"line":49,"column":null}},"type":"switch","locations":[{"start":{"line":33,"column":6},"end":{"line":39,"column":10}},{"start":{"line":40,"column":6},"end":{"line":46,"column":10}},{"start":{"line":47,"column":6},"end":{"line":48,"column":73}}]},"2":{"loc":{"start":{"line":87,"column":9},"end":{"line":87,"column":69}},"type":"cond-expr","locations":[{"start":{"line":87,"column":30},"end":{"line":87,"column":53}},{"start":{"line":87,"column":56},"end":{"line":87,"column":69}}]}},"s":{"0":3,"1":15,"2":13,"3":20,"4":13,"5":3,"6":10,"7":4,"8":5,"9":1,"10":3,"11":4,"12":4,"13":4,"14":4,"15":5,"16":1,"17":1,"18":3},"f":{"0":15,"1":13,"2":20,"3":4,"4":5,"5":1},"b":{"0":[3],"1":[4,5,1],"2":[2,3]}}
,"/Users/sujithshanmugam/Documents/Projects/zeller-challenge/src/PricingRules/rules.ts": {"path":"/Users/sujithshanmugam/Documents/Projects/zeller-challenge/src/PricingRules/rules.ts","statementMap":{"0":{"start":{"line":1,"column":0},"end":{"line":1,"column":42}},"1":{"start":{"line":3,"column":0},"end":{"line":3,"column":56}},"2":{"start":{"line":9,"column":33},"end":{"line":22,"column":2}},"3":{"start":{"line":24,"column":21},"end":{"line":24,"column":44}},"4":{"start":{"line":26,"column":0},"end":{"line":26,"column":28}}},"fnMap":{},"branchMap":{},"s":{"0":1,"1":1,"2":1,"3":1,"4":1},"f":{},"b":{}}
,"/Users/sujithshanmugam/Documents/Projects/zeller-challenge/src/Product/Product.ts": {"path":"/Users/sujithshanmugam/Documents/Projects/zeller-challenge/src/Product/Product.ts","statementMap":{"0":{"start":{"line":23,"column":21},"end":{"line":23,"column":29}},"1":{"start":{"line":23,"column":38},"end":{"line":23,"column":50}},"2":{"start":{"line":23,"column":59},"end":{"line":23,"column":72}},"3":{"start":{"line":24,"column":4},"end":{"line":26,"column":null}},"4":{"start":{"line":25,"column":6},"end":{"line":25,"column":57}},"5":{"start":{"line":30,"column":0},"end":{"line":30,"column":23}}},"fnMap":{"0":{"name":"(anonymous_0)","decl":{"start":{"line":23,"column":2},"end":{"line":23,"column":21}},"loc":{"start":{"line":23,"column":72},"end":{"line":27,"column":3}}}},"branchMap":{"0":{"loc":{"start":{"line":24,"column":4},"end":{"line":26,"column":null}},"type":"if","locations":[{"start":{"line":24,"column":4},"end":{"line":26,"column":null}}]}},"s":{"0":27,"1":27,"2":27,"3":27,"4":2,"5":4},"f":{"0":27},"b":{"0":[2]}}
,"/Users/sujithshanmugam/Documents/Projects/zeller-challenge/src/Product/productList.ts": {"path":"/Users/sujithshanmugam/Documents/Projects/zeller-challenge/src/Product/productList.ts","statementMap":{"0":{"start":{"line":2,"column":0},"end":{"line":2,"column":32}},"1":{"start":{"line":5,"column":18},"end":{"line":5,"column":60}},"2":{"start":{"line":10,"column":9},"end":{"line":10,"column":18}},"3":{"start":{"line":6,"column":19},"end":{"line":6,"column":63}},"4":{"start":{"line":10,"column":20},"end":{"line":10,"column":30}},"5":{"start":{"line":7,"column":16},"end":{"line":7,"column":55}},"6":{"start":{"line":10,"column":32},"end":{"line":10,"column":39}},"7":{"start":{"line":8,"column":19},"end":{"line":8,"column":60}},"8":{"start":{"line":10,"column":41},"end":{"line":10,"column":51}}},"fnMap":{},"branchMap":{},"s":{"0":1,"1":1,"2":1,"3":1,"4":1,"5":1,"6":1,"7":1,"8":1},"f":{},"b":{}}
}
