TN:
SF:src/constants.ts
FN:18,(anonymous_0)
FNF:1
FNH:1
FNDA:3,(anonymous_0)
DA:18,3
DA:19,3
DA:20,3
DA:21,3
LF:4
LH:4
BRDA:18,0,0,3
BRDA:18,0,1,3
BRF:2
BRH:2
end_of_record
TN:
SF:src/Checkout/Checkout.ts
FN:16,(anonymous_0)
FN:25,(anonymous_1)
FN:35,(anonymous_2)
FN:49,(anonymous_3)
FN:56,(anonymous_4)
FN:64,(anonymous_5)
FNF:6
FNH:6
FNDA:13,(anonymous_0)
FNDA:19,(anonymous_1)
FNDA:3,(anonymous_2)
FNDA:3,(anonymous_3)
FNDA:1,(anonymous_4)
FNDA:6,(anonymous_5)
DA:17,13
DA:18,13
DA:26,19
DA:27,19
DA:28,19
DA:36,3
DA:37,3
DA:38,2
DA:39,2
DA:40,1
DA:50,3
DA:57,1
DA:65,6
DA:66,6
DA:67,7
DA:69,6
DA:73,1
LF:17
LH:17
BRDA:26,0,0,6
BRDA:26,0,1,13
BRDA:26,1,0,19
BRDA:26,1,1,19
BRDA:37,2,0,2
BRDA:39,3,0,1
BRF:6
BRH:6
end_of_record
TN:
SF:src/PricingRules/PricingRules.ts
FN:15,(anonymous_0)
FN:25,(anonymous_1)
FN:26,(anonymous_2)
FN:61,buyXGetYFree
FN:81,bulk
FN:97,percentage
FNF:6
FNH:6
FNDA:15,(anonymous_0)
FNDA:13,(anonymous_1)
FNDA:20,(anonymous_2)
FNDA:4,buyXGetYFree
FNDA:5,bulk
FNDA:1,percentage
DA:3,3
DA:8,3
DA:16,15
DA:26,20
DA:28,13
DA:29,3
DA:32,10
DA:34,4
DA:41,5
DA:48,1
DA:67,4
DA:68,4
DA:69,4
DA:70,4
DA:87,5
DA:98,1
DA:99,1
DA:102,3
LF:18
LH:18
BRDA:28,0,0,3
BRDA:32,1,0,4
BRDA:32,1,1,5
BRDA:32,1,2,1
BRDA:87,2,0,2
BRDA:87,2,1,3
BRF:6
BRH:6
end_of_record
TN:
SF:src/PricingRules/rules.ts
FNF:0
FNH:0
DA:1,1
DA:3,1
DA:9,1
DA:24,1
DA:26,1
LF:5
LH:5
BRF:0
BRH:0
end_of_record
TN:
SF:src/Product/Product.ts
FN:23,(anonymous_0)
FNF:1
FNH:1
FNDA:27,(anonymous_0)
DA:23,27
DA:24,27
DA:25,2
DA:30,4
LF:4
LH:4
BRDA:24,0,0,2
BRF:1
BRH:1
end_of_record
TN:
SF:src/Product/productList.ts
FNF:0
FNH:0
DA:2,1
DA:5,1
DA:6,1
DA:7,1
DA:8,1
DA:10,1
LF:6
LH:6
BRF:0
BRH:0
end_of_record
